c:\strangeengine\strangeenginemk3\debug\strangeenginemk3.pch
c:\strangeengine\strangeenginemk3\debug\vc142.pdb
c:\strangeengine\strangeenginemk3\debug\vc142.idb
c:\strangeengine\strangeenginemk3\debug\pch.obj
c:\strangeengine\strangeenginemk3\debug\strangeengine.obj
c:\strangeengine\strangeenginemk3\debug\initdirect3d.obj
c:\strangeengine\strangeenginemk3\debug\gametimer.obj
c:\strangeengine\strangeenginemk3\debug\dllmain.obj
c:\strangeengine\strangeenginemk3\debug\strangeenginemk3.ilk
c:\strangeengine\strangeenginemk3\debug\strangeenginemk3.dll
c:\strangeengine\strangeenginemk3\debug\strangeenginemk3.pdb
c:\strangeengine\strangeenginemk3\debug\strangeenginemk3.lib
c:\strangeengine\strangeenginemk3\debug\strangeenginemk3.exp
c:\strangeengine\strangeenginemk3\debug\strangeenginemk3.tlog\cl.command.1.tlog
c:\strangeengine\strangeenginemk3\debug\strangeenginemk3.tlog\cl.read.1.tlog
c:\strangeengine\strangeenginemk3\debug\strangeenginemk3.tlog\cl.write.1.tlog
c:\strangeengine\strangeenginemk3\debug\strangeenginemk3.tlog\link.command.1.tlog
c:\strangeengine\strangeenginemk3\debug\strangeenginemk3.tlog\link.read.1.tlog
c:\strangeengine\strangeenginemk3\debug\strangeenginemk3.tlog\link.write.1.tlog
c:\strangeengine\strangeenginemk3\debug\strangeenginemk3.tlog\strangeenginemk3.write.1u.tlog
