c:\strangeengine\strangeenginemk3_runnable\debug\vc142.pdb
c:\strangeengine\strangeenginemk3_runnable\debug\vc142.idb
c:\strangeengine\strangeenginemk3_runnable\debug\strangeenginemk3_runnable.obj
c:\strangeengine\strangeenginemk3_runnable\debug\strangeenginemk3_runnable.exe
c:\strangeengine\strangeenginemk3_runnable\debug\strangeenginemk3_runnable.ilk
c:\strangeengine\strangeenginemk3_runnable\debug\strangeenginemk3_runnable.pdb
c:\strangeengine\strangeenginemk3_runnable\debug\dllmain.obj
c:\strangeengine\strangeenginemk3_runnable\debug\gametimer.obj
c:\strangeengine\strangeenginemk3_runnable\debug\initdirect3d.obj
c:\strangeengine\strangeenginemk3_runnable\debug\pch.obj
c:\strangeengine\strangeenginemk3_runnable\debug\strangeengine.obj
c:\strangeengine\strangeenginemk3_runnable\debug\strangeenginemk3.ilk
c:\strangeengine\strangeenginemk3_runnable\debug\strangeenginemk3.pch
c:\strangeengine\strangeenginemk3_runnable\debug\strangeenginemk3.exp
c:\strangeengine\strangeenginemk3_runnable\debug\strangeenginemk3.pdb
c:\strangeengine\strangeenginemk3_runnable\debug\strangee.d91b5dda.tlog\cl.command.1.tlog
c:\strangeengine\strangeenginemk3_runnable\debug\strangee.d91b5dda.tlog\cl.read.1.tlog
c:\strangeengine\strangeenginemk3_runnable\debug\strangee.d91b5dda.tlog\cl.write.1.tlog
c:\strangeengine\strangeenginemk3_runnable\debug\strangee.d91b5dda.tlog\link.command.1.tlog
c:\strangeengine\strangeenginemk3_runnable\debug\strangee.d91b5dda.tlog\link.read.1.tlog
c:\strangeengine\strangeenginemk3_runnable\debug\strangee.d91b5dda.tlog\link.write.1.tlog
