  Camera.cpp
C:\StrangeEngine\StrangeEngineMK2\Texture.h(5,21): warning C4099: 'ID3D11Resource': type name first seen using 'struct' now seen using 'class'
C:\Program Files (x86)\Windows Kits\10\Include\10.0.19041.0\um\d3d11.h(2210): message : see declaration of 'ID3D11Resource'
C:\StrangeEngine\StrangeEngineMK2\Texture.h(6,31): warning C4099: 'ID3D11ShaderResourceView': type name first seen using 'struct' now seen using 'class'
C:\Program Files (x86)\Windows Kits\10\Include\10.0.19041.0\um\d3d11.h(3618): message : see declaration of 'ID3D11ShaderResourceView'
  Direct3DSetup.cpp
C:\StrangeEngine\StrangeEngineMK2\Texture.h(5,21): warning C4099: 'ID3D11Resource': type name first seen using 'struct' now seen using 'class'
C:\Program Files (x86)\Windows Kits\10\Include\10.0.19041.0\um\d3d11.h(2210): message : see declaration of 'ID3D11Resource'
C:\StrangeEngine\StrangeEngineMK2\Texture.h(6,31): warning C4099: 'ID3D11ShaderResourceView': type name first seen using 'struct' now seen using 'class'
C:\Program Files (x86)\Windows Kits\10\Include\10.0.19041.0\um\d3d11.h(3618): message : see declaration of 'ID3D11ShaderResourceView'
  Engine.cpp
C:\StrangeEngine\StrangeEngineMK2\Texture.h(5,21): warning C4099: 'ID3D11Resource': type name first seen using 'struct' now seen using 'class'
C:\Program Files (x86)\Windows Kits\10\Include\10.0.19041.0\um\d3d11.h(2210): message : see declaration of 'ID3D11Resource'
C:\StrangeEngine\StrangeEngineMK2\Texture.h(6,31): warning C4099: 'ID3D11ShaderResourceView': type name first seen using 'struct' now seen using 'class'
C:\Program Files (x86)\Windows Kits\10\Include\10.0.19041.0\um\d3d11.h(3618): message : see declaration of 'ID3D11ShaderResourceView'
  Light.cpp
C:\StrangeEngine\StrangeEngineMK2\Texture.h(5,21): warning C4099: 'ID3D11Resource': type name first seen using 'struct' now seen using 'class'
C:\Program Files (x86)\Windows Kits\10\Include\10.0.19041.0\um\d3d11.h(2210): message : see declaration of 'ID3D11Resource'
C:\StrangeEngine\StrangeEngineMK2\Texture.h(6,31): warning C4099: 'ID3D11ShaderResourceView': type name first seen using 'struct' now seen using 'class'
C:\Program Files (x86)\Windows Kits\10\Include\10.0.19041.0\um\d3d11.h(3618): message : see declaration of 'ID3D11ShaderResourceView'
  Mesh.cpp
C:\StrangeEngine\StrangeEngineMK2\Texture.h(5,21): warning C4099: 'ID3D11Resource': type name first seen using 'struct' now seen using 'class'
C:\Program Files (x86)\Windows Kits\10\Include\10.0.19041.0\um\d3d11.h(2210): message : see declaration of 'ID3D11Resource'
C:\StrangeEngine\StrangeEngineMK2\Texture.h(6,31): warning C4099: 'ID3D11ShaderResourceView': type name first seen using 'struct' now seen using 'class'
C:\Program Files (x86)\Windows Kits\10\Include\10.0.19041.0\um\d3d11.h(3618): message : see declaration of 'ID3D11ShaderResourceView'
  Model.cpp
C:\StrangeEngine\StrangeEngineMK2\Texture.h(5,21): warning C4099: 'ID3D11Resource': type name first seen using 'struct' now seen using 'class'
C:\Program Files (x86)\Windows Kits\10\Include\10.0.19041.0\um\d3d11.h(2210): message : see declaration of 'ID3D11Resource'
C:\StrangeEngine\StrangeEngineMK2\Texture.h(6,31): warning C4099: 'ID3D11ShaderResourceView': type name first seen using 'struct' now seen using 'class'
C:\Program Files (x86)\Windows Kits\10\Include\10.0.19041.0\um\d3d11.h(3618): message : see declaration of 'ID3D11ShaderResourceView'
  Scene.cpp
C:\StrangeEngine\StrangeEngineMK2\Texture.h(5,21): warning C4099: 'ID3D11Resource': type name first seen using 'struct' now seen using 'class'
C:\Program Files (x86)\Windows Kits\10\Include\10.0.19041.0\um\d3d11.h(2210): message : see declaration of 'ID3D11Resource'
C:\StrangeEngine\StrangeEngineMK2\Texture.h(6,31): warning C4099: 'ID3D11ShaderResourceView': type name first seen using 'struct' now seen using 'class'
C:\Program Files (x86)\Windows Kits\10\Include\10.0.19041.0\um\d3d11.h(3618): message : see declaration of 'ID3D11ShaderResourceView'
  Shader.cpp
C:\StrangeEngine\StrangeEngineMK2\Texture.h(5,21): warning C4099: 'ID3D11Resource': type name first seen using 'struct' now seen using 'class'
C:\Program Files (x86)\Windows Kits\10\Include\10.0.19041.0\um\d3d11.h(2210): message : see declaration of 'ID3D11Resource'
C:\StrangeEngine\StrangeEngineMK2\Texture.h(6,31): warning C4099: 'ID3D11ShaderResourceView': type name first seen using 'struct' now seen using 'class'
C:\Program Files (x86)\Windows Kits\10\Include\10.0.19041.0\um\d3d11.h(3618): message : see declaration of 'ID3D11ShaderResourceView'
  State.cpp
C:\StrangeEngine\StrangeEngineMK2\Texture.h(5,21): warning C4099: 'ID3D11Resource': type name first seen using 'struct' now seen using 'class'
C:\Program Files (x86)\Windows Kits\10\Include\10.0.19041.0\um\d3d11.h(2210): message : see declaration of 'ID3D11Resource'
C:\StrangeEngine\StrangeEngineMK2\Texture.h(6,31): warning C4099: 'ID3D11ShaderResourceView': type name first seen using 'struct' now seen using 'class'
C:\Program Files (x86)\Windows Kits\10\Include\10.0.19041.0\um\d3d11.h(3618): message : see declaration of 'ID3D11ShaderResourceView'
  Texture.cpp
C:\Program Files (x86)\Windows Kits\10\Include\10.0.19041.0\um\d3d11.h(77,48): warning C4099: 'ID3D11Resource': type name first seen using 'class' now seen using 'struct'
C:\StrangeEngine\StrangeEngineMK2\Texture.h(5): message : see declaration of 'ID3D11Resource'
C:\Program Files (x86)\Windows Kits\10\Include\10.0.19041.0\um\d3d11.h(119,68): warning C4099: 'ID3D11ShaderResourceView': type name first seen using 'class' now seen using 'struct'
C:\StrangeEngine\StrangeEngineMK2\Texture.h(6): message : see declaration of 'ID3D11ShaderResourceView'
C:\Program Files (x86)\Windows Kits\10\Include\10.0.19041.0\um\d3d11.h(2210,20): warning C4099: 'ID3D11Resource': type name first seen using 'class' now seen using 'struct'
C:\Program Files (x86)\Windows Kits\10\Include\10.0.19041.0\um\d3d11.h(2210): message : see declaration of 'ID3D11Resource'
C:\Program Files (x86)\Windows Kits\10\Include\10.0.19041.0\um\d3d11.h(3618,30): warning C4099: 'ID3D11ShaderResourceView': type name first seen using 'class' now seen using 'struct'
C:\Program Files (x86)\Windows Kits\10\Include\10.0.19041.0\um\d3d11.h(3618): message : see declaration of 'ID3D11ShaderResourceView'
  GraphicsHelpers.cpp
C:\StrangeEngine\StrangeEngineMK2\Texture.h(5,21): warning C4099: 'ID3D11Resource': type name first seen using 'struct' now seen using 'class'
C:\Program Files (x86)\Windows Kits\10\Include\10.0.19041.0\um\d3d11.h(2210): message : see declaration of 'ID3D11Resource'
C:\StrangeEngine\StrangeEngineMK2\Texture.h(6,31): warning C4099: 'ID3D11ShaderResourceView': type name first seen using 'struct' now seen using 'class'
C:\Program Files (x86)\Windows Kits\10\Include\10.0.19041.0\um\d3d11.h(3618): message : see declaration of 'ID3D11ShaderResourceView'
  Generating Code...
     Creating library C:\StrangeEngine\StrangeEngineMK2\x64\Debug\StrangeEngineMK2.lib and object C:\StrangeEngine\StrangeEngineMK2\x64\Debug\StrangeEngineMK2.exp
  StrangeEngineMK2.vcxproj -> C:\StrangeEngine\StrangeEngineMK2\x64\Debug\StrangeEngineMK2.dll
  0 File(s) copied
  0 File(s) copied
