c:\strangeengine\strangeenginemk2\x64\debug\strangeenginemk2.pch
c:\strangeengine\strangeenginemk2\x64\debug\vc142.pdb
c:\strangeengine\strangeenginemk2\x64\debug\vc142.idb
c:\strangeengine\strangeenginemk2\x64\debug\pch.obj
c:\strangeengine\strangeenginemk2\x64\debug\timer.obj
c:\strangeengine\strangeenginemk2\x64\debug\input.obj
c:\strangeengine\strangeenginemk2\x64\debug\graphicshelpers.obj
c:\strangeengine\strangeenginemk2\x64\debug\texture.obj
c:\strangeengine\strangeenginemk2\x64\debug\state.obj
c:\strangeengine\strangeenginemk2\x64\debug\shader.obj
c:\strangeengine\strangeenginemk2\x64\debug\scene.obj
c:\strangeengine\strangeenginemk2\x64\debug\model.obj
c:\strangeengine\strangeenginemk2\x64\debug\mesh.obj
c:\strangeengine\strangeenginemk2\x64\debug\cvector3.obj
c:\strangeengine\strangeenginemk2\x64\debug\cvector2.obj
c:\strangeengine\strangeenginemk2\x64\debug\cmatrix4x4.obj
c:\strangeengine\strangeenginemk2\x64\debug\engine.obj
c:\strangeengine\strangeenginemk2\x64\debug\light.obj
c:\strangeengine\strangeenginemk2\x64\debug\dllmain.obj
c:\strangeengine\strangeenginemk2\x64\debug\direct3dsetup.obj
c:\strangeengine\strangeenginemk2\x64\debug\camera.obj
c:\strangeengine\x64\debug\alphablending_ps.cso
c:\strangeengine\x64\debug\basictransform_vs.cso
c:\strangeengine\x64\debug\cellshadingoutline_ps.cso
c:\strangeengine\x64\debug\cellshadingoutline_vs.cso
c:\strangeengine\x64\debug\cellshading_ps.cso
c:\strangeengine\x64\debug\cellshading_vs.cso
c:\strangeengine\x64\debug\fading_ps.cso
c:\strangeengine\x64\debug\fading_vs.cso
c:\strangeengine\x64\debug\lightmodel_ps.cso
c:\strangeengine\x64\debug\normalmapping_ps.cso
c:\strangeengine\x64\debug\normalmapping_vs.cso
c:\strangeengine\x64\debug\parallaxmapping_ps.cso
c:\strangeengine\x64\debug\parallaxmapping_vs.cso
c:\strangeengine\x64\debug\pixellighting_ps.cso
c:\strangeengine\x64\debug\pixellighting_vs.cso
c:\strangeengine\x64\debug\wiggle_ps.cso
c:\strangeengine\x64\debug\wiggle_vs.cso
c:\strangeengine\x64\debug\strangeenginemk2.dll
c:\strangeengine\x64\debug\strangeenginemk2.ilk
c:\strangeengine\x64\debug\strangeenginemk2.pdb
c:\strangeengine\x64\debug\strangeenginemk2.lib
c:\strangeengine\x64\debug\strangeenginemk2.exp
c:\strangeengine\strangeenginemk2\x64\debug\strangeenginemk2.tlog\cl.command.1.tlog
c:\strangeengine\strangeenginemk2\x64\debug\strangeenginemk2.tlog\cl.read.1.tlog
c:\strangeengine\strangeenginemk2\x64\debug\strangeenginemk2.tlog\cl.write.1.tlog
c:\strangeengine\strangeenginemk2\x64\debug\strangeenginemk2.tlog\fxc.command.1.tlog
c:\strangeengine\strangeenginemk2\x64\debug\strangeenginemk2.tlog\fxc.read.1.tlog
c:\strangeengine\strangeenginemk2\x64\debug\strangeenginemk2.tlog\fxc.write.1.tlog
c:\strangeengine\strangeenginemk2\x64\debug\strangeenginemk2.tlog\link.command.1.tlog
c:\strangeengine\strangeenginemk2\x64\debug\strangeenginemk2.tlog\link.read.1.tlog
c:\strangeengine\strangeenginemk2\x64\debug\strangeenginemk2.tlog\link.write.1.tlog
c:\strangeengine\strangeenginemk2\x64\debug\strangeenginemk2.tlog\strangeenginemk2.write.1u.tlog
