p:\strangeenginemk2\strangeenginemk2\debug\strangeenginemk2.pch
p:\strangeenginemk2\strangeenginemk2\debug\vc142.pdb
p:\strangeenginemk2\strangeenginemk2\debug\vc142.idb
p:\strangeenginemk2\strangeenginemk2\debug\pch.obj
p:\strangeenginemk2\strangeenginemk2\debug\input.obj
p:\strangeenginemk2\strangeenginemk2\debug\graphicshelpers.obj
p:\strangeenginemk2\strangeenginemk2\debug\texture.obj
p:\strangeenginemk2\strangeenginemk2\debug\state.obj
p:\strangeenginemk2\strangeenginemk2\debug\shader.obj
p:\strangeenginemk2\strangeenginemk2\debug\cvector3.obj
p:\strangeenginemk2\strangeenginemk2\debug\cvector2.obj
p:\strangeenginemk2\strangeenginemk2\debug\cmatrix4x4.obj
p:\strangeenginemk2\strangeenginemk2\debug\main.obj
p:\strangeenginemk2\strangeenginemk2\debug\dllmain.obj
p:\strangeenginemk2\strangeenginemk2\debug\direct3dsetup.obj
p:\strangeenginemk2\strangeenginemk2\debug\camera.obj
p:\strangeenginemk2\debug\alphablending_ps.cso
p:\strangeenginemk2\debug\basictransform_vs.cso
p:\strangeenginemk2\debug\cellshadingoutline_ps.cso
p:\strangeenginemk2\debug\cellshadingoutline_vs.cso
p:\strangeenginemk2\debug\cellshading_ps.cso
p:\strangeenginemk2\debug\cellshading_vs.cso
p:\strangeenginemk2\debug\fading_ps.cso
p:\strangeenginemk2\debug\fading_vs.cso
p:\strangeenginemk2\debug\lightmodel_ps.cso
p:\strangeenginemk2\debug\normalmapping_ps.cso
p:\strangeenginemk2\debug\normalmapping_vs.cso
p:\strangeenginemk2\debug\parallaxmapping_ps.cso
p:\strangeenginemk2\debug\parallaxmapping_vs.cso
p:\strangeenginemk2\debug\pixellighting_ps.cso
p:\strangeenginemk2\debug\pixellighting_vs.cso
p:\strangeenginemk2\debug\wiggle_ps.cso
p:\strangeenginemk2\debug\wiggle_vs.cso
p:\strangeenginemk2\strangeenginemk2\debug\strangeenginemk2.tlog\cl.command.1.tlog
p:\strangeenginemk2\strangeenginemk2\debug\strangeenginemk2.tlog\cl.read.1.tlog
p:\strangeenginemk2\strangeenginemk2\debug\strangeenginemk2.tlog\cl.write.1.tlog
p:\strangeenginemk2\strangeenginemk2\debug\strangeenginemk2.tlog\fxc.command.1.tlog
p:\strangeenginemk2\strangeenginemk2\debug\strangeenginemk2.tlog\fxc.read.1.tlog
p:\strangeenginemk2\strangeenginemk2\debug\strangeenginemk2.tlog\fxc.write.1.tlog
