c:\strangeengine\strangeenginemk2\x64\release\vc142.pdb
c:\strangeengine\strangeenginemk2\x64\release\state.obj
c:\strangeengine\strangeenginemk2\x64\release\shader.obj
c:\strangeengine\strangeenginemk2\x64\release\engine.obj
c:\strangeengine\strangeenginemk2\x64\release\direct3dsetup.obj
c:\strangeengine\strangeenginemk2\x64\release\strangeenginemk2.pch
c:\strangeengine\strangeenginemk2\x64\release\pch.obj
c:\strangeengine\strangeenginemk2\x64\release\dllmain.obj
c:\strangeengine\strangeenginemk2\x64\release\timer.obj
c:\strangeengine\strangeenginemk2\x64\release\input.obj
c:\strangeengine\strangeenginemk2\x64\release\graphicshelpers.obj
c:\strangeengine\strangeenginemk2\x64\release\texture.obj
c:\strangeengine\strangeenginemk2\x64\release\scene.obj
c:\strangeengine\strangeenginemk2\x64\release\model.obj
c:\strangeengine\strangeenginemk2\x64\release\mesh.obj
c:\strangeengine\strangeenginemk2\x64\release\cvector3.obj
c:\strangeengine\strangeenginemk2\x64\release\cvector2.obj
c:\strangeengine\strangeenginemk2\x64\release\cmatrix4x4.obj
c:\strangeengine\strangeenginemk2\x64\release\light.obj
c:\strangeengine\strangeenginemk2\x64\release\camera.obj
c:\strangeengine\strangeenginemk2\x64\release\alphablending_ps.cso
c:\strangeengine\strangeenginemk2\x64\release\basictransform_vs.cso
c:\strangeengine\strangeenginemk2\x64\release\cellshadingoutline_ps.cso
c:\strangeengine\strangeenginemk2\x64\release\cellshadingoutline_vs.cso
c:\strangeengine\strangeenginemk2\x64\release\cellshading_ps.cso
c:\strangeengine\strangeenginemk2\x64\release\cellshading_vs.cso
c:\strangeengine\strangeenginemk2\x64\release\fading_ps.cso
c:\strangeengine\strangeenginemk2\x64\release\fading_vs.cso
c:\strangeengine\strangeenginemk2\x64\release\lightmodel_ps.cso
c:\strangeengine\strangeenginemk2\x64\release\normalmapping_ps.cso
c:\strangeengine\strangeenginemk2\x64\release\normalmapping_vs.cso
c:\strangeengine\strangeenginemk2\x64\release\parallaxmapping_ps.cso
c:\strangeengine\strangeenginemk2\x64\release\parallaxmapping_vs.cso
c:\strangeengine\strangeenginemk2\x64\release\pixellighting_ps.cso
c:\strangeengine\strangeenginemk2\x64\release\pixellighting_vs.cso
c:\strangeengine\strangeenginemk2\x64\release\wiggle_ps.cso
c:\strangeengine\strangeenginemk2\x64\release\wiggle_vs.cso
c:\strangeengine\strangeenginemk2\x64\release\strangeenginemk2.dll
c:\strangeengine\strangeenginemk2\x64\release\strangeenginemk2.pdb
c:\strangeengine\strangeenginemk2\x64\release\strangeenginemk2.lib
c:\strangeengine\strangeenginemk2\x64\release\strangeenginemk2.exp
c:\strangeengine\strangeenginemk2\x64\release\strangeenginemk2.ipdb
c:\strangeengine\strangeenginemk2\x64\release\strangeenginemk2.iobj
c:\strangeengine\strangeenginemk2\x64\release\strangeenginemk2.tlog\cl.command.1.tlog
c:\strangeengine\strangeenginemk2\x64\release\strangeenginemk2.tlog\cl.read.1.tlog
c:\strangeengine\strangeenginemk2\x64\release\strangeenginemk2.tlog\cl.write.1.tlog
c:\strangeengine\strangeenginemk2\x64\release\strangeenginemk2.tlog\fxc.command.1.tlog
c:\strangeengine\strangeenginemk2\x64\release\strangeenginemk2.tlog\fxc.read.1.tlog
c:\strangeengine\strangeenginemk2\x64\release\strangeenginemk2.tlog\fxc.write.1.tlog
c:\strangeengine\strangeenginemk2\x64\release\strangeenginemk2.tlog\link.command.1.tlog
c:\strangeengine\strangeenginemk2\x64\release\strangeenginemk2.tlog\link.delete.1.tlog
c:\strangeengine\strangeenginemk2\x64\release\strangeenginemk2.tlog\link.read.1.tlog
c:\strangeengine\strangeenginemk2\x64\release\strangeenginemk2.tlog\link.write.1.tlog
c:\strangeengine\strangeenginemk2\x64\release\strangeenginemk2.tlog\strangeenginemk2.write.1u.tlog
